[2021-02-04 15:33:14,114][DEBUG   ]: First run of TexText. Enforcing DEBUG mode.          //  base.py:133  
[2021-02-04 15:33:14,115][DEBUG   ]: TexText initialized          //  base.py:142  
[2021-02-04 15:33:14,115][DEBUG   ]: TexText version = '1.3.0' (md5sum = 110c558157a2b3537550f854fa686d85)          //  base.py:144  
[2021-02-04 15:33:14,115][DEBUG   ]: platform.system() = 'Windows'          //  base.py:147  
[2021-02-04 15:33:14,115][DEBUG   ]: platform.release() = '10'          //  base.py:148  
[2021-02-04 15:33:14,115][DEBUG   ]: platform.version() = '10.0.19041'          //  base.py:149  
[2021-02-04 15:33:14,115][DEBUG   ]: platform.machine() = 'AMD64'          //  base.py:151  
[2021-02-04 15:33:14,115][DEBUG   ]: platform.uname() = uname_result(system='Windows', node='DESKTOP-114QM9G', release='10', version='10.0.19041', machine='AMD64', processor='Intel64 Family 6 Model 158 Stepping 10, GenuineIntel')          //  base.py:152  
[2021-02-04 15:33:14,116][DEBUG   ]: platform.mac_ver() = ('', ('', '', ''), '')          //  base.py:153  
[2021-02-04 15:33:14,116][DEBUG   ]: sys.executable = 'C:\\Program Files\\Inkscape\\bin\\pythonw.exe'          //  base.py:155  
[2021-02-04 15:33:14,116][DEBUG   ]: sys.version = '3.8.7 (default, Jan 18 2021, 21:09:34)  [GCC 10.2.0 64 bit (AMD64)]'          //  base.py:156  
[2021-02-04 15:33:14,116][DEBUG   ]: os.environ = environ({'ALLUSERSPROFILE': 'C:\\ProgramData', 'APPDATA': 'C:\\Users\\jorge\\AppData\\Roaming', 'CALIBRE_DEVELOP_FROM': 'C:\\Users\\jorge\\Proyectos\\calibre\\src', 'CHOCOLATEYINSTALL': 'C:\\ProgramData\\chocolatey', 'CHOCOLATEYLASTPATHUPDATE': '132450329170715529', 'COMMONPROGRAMFILES': 'C:\\Program Files\\Common Files', 'COMMONPROGRAMFILES(X86)': 'C:\\Program Files (x86)\\Common Files', 'COMMONPROGRAMW6432': 'C:\\Program Files\\Common Files', 'COMPUTERNAME': 'DESKTOP-114QM9G', 'COMSPEC': 'C:\\WINDOWS\\system32\\cmd.exe', 'CYGWIN': 'nodosfilewarning', 'DRIVERDATA': 'C:\\Windows\\System32\\Drivers\\DriverData', 'FPS_BROWSER_APP_PROFILE_STRING': 'Internet Explorer', 'FPS_BROWSER_USER_PROFILE_STRING': 'Default', 'HOME': 'C:\\Users\\jorge', 'HOMEDRIVE': 'C:', 'HOMEPATH': '\\Users\\jorge', 'INKEX_GETTEXT_DIRECTORY': 'C:\\Program Files\\Inkscape\\share/locale', 'INKEX_GETTEXT_DOMAIN': 'inkscape', 'INTELLIJ IDEA COMMUNITY EDITION': 'C:\\Program Files\\JetBrains\\IntelliJ IDEA Community Edition 2020.1.1\\bin;', 'JAVA_HOME': 'C:\\ProgramFiles\\Java\\Jdk-13.0.2', 'JAVA_HOME (RESPALDO)': 'C:\\Program Files (x86)\\Common Files\\Oracle\\Java\\javapath', 'LM_LICENSE_FILE': 'C:/Programas/Licencia xilinx/Xilinx.lic', 'LOCALAPPDATA': 'C:\\Users\\jorge\\AppData\\Local', 'LOGONSERVER': '\\\\DESKTOP-114QM9G', 'NO_XILINX_DATA_LICENSE': 'HIDDEN', 'NUMBER_OF_PROCESSORS': '8', 'ONEDRIVE': 'C:\\Users\\jorge\\OneDrive', 'OS': 'Windows_NT', 'PATH': 'C:\\Program Files\\Inkscape\\bin;C:\\Program Files\\ImageMagick-7.0.10-Q16-HDRI;;;C:\\Python38\\Scripts\\;C:\\Python38\\;C:\\Program Files\\Common Files\\Oracle\\Java\\javapath;C:\\Program Files (x86)\\Common Files\\Oracle\\Java\\javapath;C:\\WINDOWS\\system32;C:\\WINDOWS;C:\\WINDOWS\\System32\\Wbem;C:\\WINDOWS\\System32\\WindowsPowerShell\\v1.0\\;C:\\WINDOWS\\System32\\OpenSSH\\;C:\\Program Files\\MATLAB\\R2019b\\bin;C:\\Program Files\\MATLAB\\MATLAB Compiler Runtime\\v714\\runtime\\win64;C:\\Program Files (x86)\\NVIDIA Corporation\\PhysX\\Common;C:\\Program Files\\Git\\cmd;C:\\php;C:\\MinGW\\bin;C:\\WINDOWS\\system32;C:\\WINDOWS;C:\\WINDOWS\\System32\\Wbem;C:\\WINDOWS\\System32\\WindowsPowerShell\\v1.0\\;C:\\WINDOWS\\System32\\OpenSSH\\;C:\\Program Files (x86)\\Calibre2\\;C:\\Program Files\\nodejs\\;C:\\ProgramData\\chocolatey\\bin;C:\\Program Files (x86)\\Intel\\Intel(R) Management Engine Components\\DAL;C:\\Program Files\\Intel\\Intel(R) Management Engine Components\\DAL;C:\\Ruby26-x64\\bin;C:\\Users\\jorge\\AppData\\Local\\Programs\\Python\\Python38-32\\Scripts\\;C:\\Users\\jorge\\AppData\\Local\\Programs\\Python\\Python38-32\\;C:\\Users\\jorge\\AppData\\Local\\Microsoft\\WindowsApps;C:\\Program Files\\JetBrains\\IntelliJ IDEA Community Edition 2020.1.1\\bin;C:\\Users\\jorge\\AppData\\Local\\Microsoft\\WindowsApps;";C:\\Program Files (x86)\\Common Files\\Oracle\\Java\\javapath";C:\\ProgramData\\jorge\\atom\\bin;C:\\Program Files\\Asymptote;C:\\Program Files (x86)\\GPLGS;C:\\Users\\jorge\\AppData\\Local\\atom\\bin;C:\\Users\\jorge\\AppData\\Roaming\\npm;C:\\Users\\jorge\\AppData\\Local\\Programs\\MiKTeX\\miktex\\bin\\x64\\;C:\\Programas\\pdf2svg;C:\\Program Files (x86)\\clisp-2.49;C:\\Users\\jorge\\Documents\\programas\\;C:\\Users\\jorge\\Documents\\programas\\mingw64;C:\\Users\\jorge\\Documents\\programas\\mingw32;C:\\Program Files\\Emacs\\x86_64\\bin;C:\\Users\\jorge\\Desktop\\php-7.4.12-Win32-vc15-x64;C:\\Users\\jorge\\Documents\\programas\\mingw64\\bin;;C:\\Program Files\\Inkscape\\bin\\', 'PATHEXT': '.COM;.EXE;.BAT;.CMD;.VBS;.VBE;.JS;.JSE;.WSF;.WSH;.MSC;.PY;.PYW;.RB;.RBW', 'PROCESSOR_ARCHITECTURE': 'AMD64', 'PROCESSOR_IDENTIFIER': 'Intel64 Family 6 Model 158 Stepping 10, GenuineIntel', 'PROCESSOR_LEVEL': '6', 'PROCESSOR_REVISION': '9e0a', 'PROGRAMDATA': 'C:\\ProgramData', 'PROGRAMFILES': 'C:\\Program Files', 'PROGRAMFILES(X86)': 'C:\\Program Files (x86)', 'PROGRAMW6432': 'C:\\Program Files', 'PSMODULEPATH': 'C:\\Program Files\\WindowsPowerShell\\Modules;C:\\WINDOWS\\system32\\WindowsPowerShell\\v1.0\\Modules', 'PUBLIC': 'C:\\Users\\Public', 'PYTHONIOENCODING': 'UTF-8', 'PYTHONPATH': 'C:\\Users\\jorge\\AppData\\Roaming\\inkscape\\extensions;C:\\Program Files\\Inkscape\\share\\inkscape\\extensions;C:\\Program Files\\Inkscape\\share\\inkscape\\extensions\\inkex\\deprecated-simple', 'RUBYOPT': '-Eutf-8', 'SESSIONNAME': 'Console', 'SYSTEMDRIVE': 'C:', 'SYSTEMROOT': 'C:\\WINDOWS', 'TEMP': 'C:\\Users\\jorge\\AppData\\Local\\Temp', 'TMP': 'C:\\Users\\jorge\\AppData\\Local\\Temp', 'USERDOMAIN': 'DESKTOP-114QM9G', 'USERDOMAIN_ROAMINGPROFILE': 'DESKTOP-114QM9G', 'USERNAME': 'jorge', 'USERPROFILE': 'C:\\Users\\jorge', 'VBOX_MSI_INSTALL_PATH': 'C:\\Program Files\\Oracle\\VirtualBox\\', 'WINDIR': 'C:\\WINDOWS', 'XILINXD_LICENSE_FILE': 'C:/Programas/Licencia xilinx/Xilinx.lic'})          //  base.py:157  
[2021-02-04 15:33:14,951][SUCCESS ]: + [Succ] TexText requirements          //  requirements_check.py:690  
[2021-02-04 15:33:14,951][SUCCESS ]: /-and-* [Succ] Detect inkscape>=1.0          //  requirements_check.py:330  
[2021-02-04 15:33:14,952][SUCCESS ]: |      inkscape=1.0 is found          //  requirements_check.py:330  
[2021-02-04 15:33:14,952][SUCCESS ]: /-and-+ [Succ] Detect *latex          //  requirements_check.py:330  
[2021-02-04 15:33:14,952][SUCCESS ]: |     /--or-* [Succ] `pdflatex.exe` is found at `C:\Users\jorge\AppData\Local\Programs\MiKTeX\miktex\bin\x64\`          //  requirements_check.py:330  
[2021-02-04 15:33:14,952][SUCCESS ]: |     /--or-* [Succ] `lualatex.exe` is found at `C:\Users\jorge\AppData\Local\Programs\MiKTeX\miktex\bin\x64\`          //  requirements_check.py:330  
[2021-02-04 15:33:14,952][SUCCESS ]: |     /--or-* [Succ] `xelatex.exe` is found at `C:\Users\jorge\AppData\Local\Programs\MiKTeX\miktex\bin\x64\`          //  requirements_check.py:330  
[2021-02-04 15:33:14,952][SUCCESS ]: /-and-+ [Succ] Detect GUI library          //  requirements_check.py:330  
[2021-02-04 15:33:14,952][INFO    ]:       /--or-* [Fail] GTK3 is not found          //  requirements_check.py:330  
[2021-02-04 15:33:14,952][INFO    ]:       |      Please follow installation instructions at           //  requirements_check.py:330  
[2021-02-04 15:33:14,952][INFO    ]:       |             [94m[4mhttps://textext.github.io/textext/install/windows.html#windows-install-gtk3[0m          //  requirements_check.py:330  
[2021-02-04 15:33:14,952][SUCCESS ]:       /--or-* [Succ] TkInter is found          //  requirements_check.py:330  
[2021-02-04 15:33:15,404][DEBUG   ]: TexText.effect          //  base.py:214  
[2021-02-04 15:33:15,404][DEBUG   ]:   Using default preamble file `default_packages.tex`          //  base.py:258  
[2021-02-04 15:33:15,404][DEBUG   ]:   Run TexText GUI          //  base.py:301  
[2021-02-04 15:33:21,912][DEBUG   ]:     TexText.preview          //  base.py:337  
[2021-02-04 15:33:21,912][DEBUG   ]:       args:          //  base.py:338  
[2021-02-04 15:33:21,912][DEBUG   ]:         self = <textext.base.TexText object at 0x000001e4f44f75b0>          //  base.py:340  
[2021-02-04 15:33:21,912][DEBUG   ]:         text = ''          //  base.py:340  
[2021-02-04 15:33:21,912][DEBUG   ]:         preamble_file = 'C:\\Users\\jorge\\AppData\\Roaming\\inkscape\\extensions\\textext\\default_packages.tex'          //  base.py:340  
[2021-02-04 15:33:21,912][DEBUG   ]:         image_setter = <bound method AskTextGTKSource.set_preview_image_from_file of <textext.asktext.AskTextGTKSource object at 0x000001e4f5127160>>          //  base.py:340  
[2021-02-04 15:33:21,912][DEBUG   ]:         tex_command = 'pdflatex'          //  base.py:340  
[2021-02-04 15:33:21,912][DEBUG   ]:         white_bg = False          //  base.py:340  
[2021-02-04 15:33:21,912][DEBUG   ]:         tex_executable = 'C:\\Users\\jorge\\AppData\\Local\\Programs\\MiKTeX\\miktex\\bin\\x64\\pdflatex.exe'          //  base.py:340  
[2021-02-04 15:33:21,912][DEBUG   ]:       args: done          //  base.py:340  
[2021-02-04 15:33:21,912][DEBUG   ]:       no text, return          //  base.py:343  
[2021-02-04 15:33:21,912][DEBUG   ]:     TexText.preview done          //  base.py:344  
[2021-02-04 15:33:34,307][DEBUG   ]:     TexText.preview          //  base.py:337  
[2021-02-04 15:33:34,307][DEBUG   ]:       args:          //  base.py:338  
[2021-02-04 15:33:34,307][DEBUG   ]:         self = <textext.base.TexText object at 0x000001e4f44f75b0>          //  base.py:340  
[2021-02-04 15:33:34,307][DEBUG   ]:         text = 'dfdfd'          //  base.py:340  
[2021-02-04 15:33:34,307][DEBUG   ]:         preamble_file = 'C:\\Users\\jorge\\AppData\\Roaming\\inkscape\\extensions\\textext\\default_packages.tex'          //  base.py:340  
[2021-02-04 15:33:34,307][DEBUG   ]:         image_setter = <bound method AskTextGTKSource.set_preview_image_from_file of <textext.asktext.AskTextGTKSource object at 0x000001e4f5127160>>          //  base.py:340  
[2021-02-04 15:33:34,307][DEBUG   ]:         tex_command = 'pdflatex'          //  base.py:340  
[2021-02-04 15:33:34,307][DEBUG   ]:         white_bg = False          //  base.py:340  
[2021-02-04 15:33:34,307][DEBUG   ]:         tex_executable = 'C:\\Users\\jorge\\AppData\\Local\\Programs\\MiKTeX\\miktex\\bin\\x64\\pdflatex.exe'          //  base.py:340  
[2021-02-04 15:33:34,307][DEBUG   ]:       args: done          //  base.py:340  
[2021-02-04 15:33:34,309][DEBUG   ]:       Converting tex to pdf          //  base.py:350  
[2021-02-04 15:33:34,309][DEBUG   ]:         Converting .tex to .pdf          //  base.py:537  
[2021-02-04 15:33:34,893][DEBUG   ]:         Converting .tex to .pdf done          //  base.py:567  
[2021-02-04 15:33:35,877][DEBUG   ]:       Converting tex to pdf done          //  base.py:354  
[2021-02-04 15:33:35,878][DEBUG   ]:     TexText.preview done          //  base.py:354  
[2021-02-04 15:33:40,457][DEBUG   ]:     TexText.preview          //  base.py:337  
[2021-02-04 15:33:40,457][DEBUG   ]:       args:          //  base.py:338  
[2021-02-04 15:33:40,457][DEBUG   ]:         self = <textext.base.TexText object at 0x000001e4f44f75b0>          //  base.py:340  
[2021-02-04 15:33:40,457][DEBUG   ]:         text = ''          //  base.py:340  
[2021-02-04 15:33:40,457][DEBUG   ]:         preamble_file = 'C:\\Users\\jorge\\AppData\\Roaming\\inkscape\\extensions\\textext\\default_packages.tex'          //  base.py:340  
[2021-02-04 15:33:40,457][DEBUG   ]:         image_setter = <bound method AskTextGTKSource.set_preview_image_from_file of <textext.asktext.AskTextGTKSource object at 0x000001e4f5127160>>          //  base.py:340  
[2021-02-04 15:33:40,458][DEBUG   ]:         tex_command = 'pdflatex'          //  base.py:340  
[2021-02-04 15:33:40,458][DEBUG   ]:         white_bg = False          //  base.py:340  
[2021-02-04 15:33:40,458][DEBUG   ]:         tex_executable = 'C:\\Users\\jorge\\AppData\\Local\\Programs\\MiKTeX\\miktex\\bin\\x64\\pdflatex.exe'          //  base.py:340  
[2021-02-04 15:33:40,458][DEBUG   ]:       args: done          //  base.py:340  
[2021-02-04 15:33:40,458][DEBUG   ]:       no text, return          //  base.py:343  
[2021-02-04 15:33:40,458][DEBUG   ]:     TexText.preview done          //  base.py:344  
[2021-02-04 15:33:41,485][DEBUG   ]:     TexText.preview          //  base.py:337  
[2021-02-04 15:33:41,485][DEBUG   ]:       args:          //  base.py:338  
[2021-02-04 15:33:41,485][DEBUG   ]:         self = <textext.base.TexText object at 0x000001e4f44f75b0>          //  base.py:340  
[2021-02-04 15:33:41,485][DEBUG   ]:         text = ''          //  base.py:340  
[2021-02-04 15:33:41,486][DEBUG   ]:         preamble_file = 'C:\\Users\\jorge\\AppData\\Roaming\\inkscape\\extensions\\textext\\default_packages.tex'          //  base.py:340  
[2021-02-04 15:33:41,486][DEBUG   ]:         image_setter = <bound method AskTextGTKSource.set_preview_image_from_file of <textext.asktext.AskTextGTKSource object at 0x000001e4f5127160>>          //  base.py:340  
[2021-02-04 15:33:41,486][DEBUG   ]:         tex_command = 'pdflatex'          //  base.py:340  
[2021-02-04 15:33:41,486][DEBUG   ]:         white_bg = False          //  base.py:340  
[2021-02-04 15:33:41,486][DEBUG   ]:         tex_executable = 'C:\\Users\\jorge\\AppData\\Local\\Programs\\MiKTeX\\miktex\\bin\\x64\\pdflatex.exe'          //  base.py:340  
[2021-02-04 15:33:41,486][DEBUG   ]:       args: done          //  base.py:340  
[2021-02-04 15:33:41,486][DEBUG   ]:       no text, return          //  base.py:343  
[2021-02-04 15:33:41,486][DEBUG   ]:     TexText.preview done          //  base.py:344  
[2021-02-04 15:33:52,222][DEBUG   ]:     TexText.preview          //  base.py:337  
[2021-02-04 15:33:52,222][DEBUG   ]:       args:          //  base.py:338  
[2021-02-04 15:33:52,222][DEBUG   ]:         self = <textext.base.TexText object at 0x000001e4f44f75b0>          //  base.py:340  
[2021-02-04 15:33:52,222][DEBUG   ]:         text = '$\\dfrac{1}{2}$'          //  base.py:340  
[2021-02-04 15:33:52,222][DEBUG   ]:         preamble_file = 'C:\\Users\\jorge\\AppData\\Roaming\\inkscape\\extensions\\textext\\default_packages.tex'          //  base.py:340  
[2021-02-04 15:33:52,222][DEBUG   ]:         image_setter = <bound method AskTextGTKSource.set_preview_image_from_file of <textext.asktext.AskTextGTKSource object at 0x000001e4f5127160>>          //  base.py:340  
[2021-02-04 15:33:52,223][DEBUG   ]:         tex_command = 'pdflatex'          //  base.py:340  
[2021-02-04 15:33:52,223][DEBUG   ]:         white_bg = False          //  base.py:340  
[2021-02-04 15:33:52,223][DEBUG   ]:         tex_executable = 'C:\\Users\\jorge\\AppData\\Local\\Programs\\MiKTeX\\miktex\\bin\\x64\\pdflatex.exe'          //  base.py:340  
[2021-02-04 15:33:52,223][DEBUG   ]:       args: done          //  base.py:340  
[2021-02-04 15:33:52,223][DEBUG   ]:       Converting tex to pdf          //  base.py:350  
[2021-02-04 15:33:52,223][DEBUG   ]:         Converting .tex to .pdf          //  base.py:537  
[2021-02-04 15:33:52,827][DEBUG   ]:         Converting .tex to .pdf done          //  base.py:567  
[2021-02-04 15:33:53,800][DEBUG   ]:       Converting tex to pdf done          //  base.py:354  
[2021-02-04 15:33:53,801][DEBUG   ]:     TexText.preview done          //  base.py:354  
[2021-02-04 15:34:08,776][DEBUG   ]:     TexText.preview          //  base.py:337  
[2021-02-04 15:34:08,776][DEBUG   ]:       args:          //  base.py:338  
[2021-02-04 15:34:08,777][DEBUG   ]:         self = <textext.base.TexText object at 0x000001e4f44f75b0>          //  base.py:340  
[2021-02-04 15:34:08,777][DEBUG   ]:         text = '$\\dfrac{1}{2}+\\lim x\\toy$'          //  base.py:340  
[2021-02-04 15:34:08,777][DEBUG   ]:         preamble_file = 'C:\\Users\\jorge\\AppData\\Roaming\\inkscape\\extensions\\textext\\default_packages.tex'          //  base.py:340  
[2021-02-04 15:34:08,777][DEBUG   ]:         image_setter = <bound method AskTextGTKSource.set_preview_image_from_file of <textext.asktext.AskTextGTKSource object at 0x000001e4f5127160>>          //  base.py:340  
[2021-02-04 15:34:08,777][DEBUG   ]:         tex_command = 'pdflatex'          //  base.py:340  
[2021-02-04 15:34:08,777][DEBUG   ]:         white_bg = False          //  base.py:340  
[2021-02-04 15:34:08,777][DEBUG   ]:         tex_executable = 'C:\\Users\\jorge\\AppData\\Local\\Programs\\MiKTeX\\miktex\\bin\\x64\\pdflatex.exe'          //  base.py:340  
[2021-02-04 15:34:08,777][DEBUG   ]:       args: done          //  base.py:340  
[2021-02-04 15:34:08,778][DEBUG   ]:       Converting tex to pdf          //  base.py:350  
[2021-02-04 15:34:08,778][DEBUG   ]:         Converting .tex to .pdf          //  base.py:537  
[2021-02-04 15:34:09,295][DEBUG   ]:           Parsing LaTeX log file          //  base.py:609  
[2021-02-04 15:34:09,312][DEBUG   ]:           Parsing LaTeX log file done          //  base.py:616  
[2021-02-04 15:34:09,312][DEBUG   ]:         Converting .tex to .pdf failed          //  base.py:567  
[2021-02-04 15:34:09,312][DEBUG   ]:       Converting tex to pdf failed          //  base.py:354  
[2021-02-04 15:34:09,313][DEBUG   ]:     TexText.preview failed          //  base.py:354  
[2021-02-04 15:34:58,509][DEBUG   ]:   Run TexText GUI done          //  base.py:302  
[2021-02-04 15:34:58,509][DEBUG   ]:   Saving global GUI settings          //  base.py:304  
[2021-02-04 15:34:58,513][DEBUG   ]:   Saving global GUI settings done          //  base.py:306  
[2021-02-04 15:34:58,513][DEBUG   ]: TexText.effect done          //  base.py:315  
